<?xml version="1.0" encoding="UTF-8"?>
<!-- Generated by org.testng.reporters.JUnitXMLReporter -->
<testsuite ignored="0" hostname="LAPTOP-6I041NL7" failures="1" tests="2" name="Default test" time="17.852" errors="0" timestamp="2025-07-09T16:43:08 IST">
  <testcase classname="io.cucumber.testng.AbstractTestNGCucumberTests" name="runScenario" time="14.21"/>
  <testcase classname="io.cucumber.testng.AbstractTestNGCucumberTests" name="runScenario" time="3.243">
    <failure type="java.lang.NullPointerException" message="Cannot invoke &amp;quot;com.guru.ui.pageLayer.RegisterPage.user_click_on_submit_button()&amp;quot; because &amp;quot;this.registerPage&amp;quot; is null">
      <![CDATA[java.lang.NullPointerException: Cannot invoke "com.guru.ui.pageLayer.RegisterPage.user_click_on_submit_button()" because "this.registerPage" is null
at Steps.RegisterPageSteps.user_click_on_submit_button(RegisterPageSteps.java:43)
at ✽.user click on submit button(file:///D:/Software%20Testing/SoftTech_Classes_1st%20march/Jenkins/Test%20Lead%20Workspace/guru99Framework/src/test/java/FeatureFiles/TC_002_Login.feature:7)
]]>
    </failure>
  </testcase> <!-- runScenario -->
</testsuite> <!-- Default test -->
