<?xml version="1.0" encoding="UTF-8"?>
<!-- Generated by org.testng.reporters.JUnitReportReporter -->
<testsuite hostname="LAPTOP-6I041NL7" failures="0" tests="2" name="Runner.RunnerTest" time="17.453" errors="1" timestamp="2025-07-09T16:43:09 IST" skipped="0">
  <testcase classname="Runner.RunnerTest" name="runScenario" time="3.243">
    <error message="Cannot invoke &quot;com.guru.ui.pageLayer.RegisterPage.user_click_on_submit_button()&quot; because &quot;this.registerPage&quot; is null" type="java.lang.NullPointerException">
      <![CDATA[java.lang.NullPointerException: Cannot invoke "com.guru.ui.pageLayer.RegisterPage.user_click_on_submit_button()" because "this.registerPage" is null
at Steps.RegisterPageSteps.user_click_on_submit_button(RegisterPageSteps.java:43)
at ✽.user click on submit button(file:///D:/Software%20Testing/SoftTech_Classes_1st%20march/Jenkins/Test%20Lead%20Workspace/guru99Framework/src/test/java/FeatureFiles/TC_002_Login.feature:7)
]]>
    </error>
  </testcase> <!-- runScenario -->
  <system-out/>
  <testcase classname="Runner.RunnerTest" name="runScenario" time="14.210"/>
  <system-out/>
</testsuite> <!-- Runner.RunnerTest -->
